#
# A fatal error has been detected by the Java Runtime Environment:
#
#  Internal Error (os_windows_x86.cpp:114), pid=2784, tid=3840
#  Error: guarantee(result == -1,"Unexpected result from topLevelExceptionFilter")
#
# JRE version: 6.0_17-b04
# Java VM: Java HotSpot(TM) 64-Bit Server VM (14.3-b01 mixed mode windows-amd64 )
# If you would like to submit a bug report, please visit:
#   http://java.sun.com/webapps/bugreport/crash.jsp
# The crash happened outside the Java Virtual Machine in native code.
# See problematic frame for where to report the bug.
#

---------------  T H R E A D  ---------------

Current thread (0x0000000005624000):  JavaThread "main" [_thread_in_native, id=3840, stack(0x00000000000d0000,0x00000000040d0000)]

Stack: [0x00000000000d0000,0x00000000040d0000]
[error occurred during error reporting (printing stack bounds), id 0xc0000005]

Java frames: (J=compiled Java code, j=interpreted, Vv=VM code)
J  com.mathworks.jmi.NativeMatlab.ProcessPendingEvents()Z
j  com.mathworks.jmi.NativeMatlab.processPendingEvents()Z+8
j  com.mathworks.jmi.Matlab$ProcessPendingEvents.callBooleanMethod(Ljava/lang/Object;)Z+0
j  com.mathworks.util.FactoryUtils.processPendingEvents()Z+12
j  com.mathworks.widgets.desk.Desktop.canClose()Z+38
j  com.mathworks.mde.desk.MLDesktop.canClose()Z+113
j  com.mathworks.mde.desk.MLDesktop$2.call()Ljava/lang/Boolean;+4
j  com.mathworks.mde.desk.MLDesktop$2.call()Ljava/lang/Object;+1
j  com.mathworks.jmi.Matlab.isOkToExit()Z+54
v  ~StubRoutines::call_stub
j  com.mathworks.jmi.NativeMatlab.SendMatlabMessage(Ljava/lang/Object;)Ljava/lang/Object;+0
j  com.mathworks.jmi.NativeMatlab.sendMatlabMessage(Ljava/lang/Object;)Ljava/lang/Object;+22
j  com.mathworks.jmi.MatlabLooper.sendMatlabMessage(Lcom/mathworks/services/message/MWMessage;)Ljava/lang/Object;+20
j  com.mathworks.jmi.Matlab.mtFevalConsoleOutput(Ljava/lang/String;[Ljava/lang/Object;I)Ljava/lang/Object;+58
j  com.mathworks.mde.desk.MLDesktop$9.run()V+14
j  com.mathworks.jmi.NativeMatlab.dispatchMTRequests(Z)V+57
v  ~StubRoutines::call_stub

---------------  P R O C E S S  ---------------

Java Threads: ( => current thread )
  0x000000000f767000 JavaThread "pool-7-thread-1" [_thread_blocked, id=7664, stack(0x00000000130a0000,0x0000000013120000)]
  0x000000000f766800 JavaThread "Active Reference Queue Daemon" daemon [_thread_blocked, id=6976, stack(0x0000000011370000,0x00000000113f0000)]
  0x000000000f769000 JavaThread "Timer-51" daemon [_thread_blocked, id=4204, stack(0x0000000012810000,0x0000000012890000)]
  0x000000000f764000 JavaThread "Prefs Updater" daemon [_thread_blocked, id=7540, stack(0x0000000012c90000,0x0000000012d10000)]
  0x000000000f765800 JavaThread "Foxtrot Multi Worker Thread Runner #1" daemon [_thread_blocked, id=6488, stack(0x00000000128a0000,0x0000000012920000)]
  0x000000000f765000 JavaThread "Timer-5" daemon [_thread_blocked, id=8060, stack(0x00000000637b0000,0x0000000063830000)]
  0x000000000f763800 JavaThread "Explorer NavigationContext request queue" [_thread_blocked, id=7180, stack(0x00000000636b0000,0x0000000063730000)]
  0x000000000f762000 JavaThread "AddressBar directory emptiness poller" [_thread_blocked, id=5276, stack(0x0000000054cd0000,0x0000000054d50000)]
  0x000000000f760800 JavaThread "Timer-1" [_thread_blocked, id=4564, stack(0x000000000ff30000,0x000000000ffb0000)]
  0x000000000f75f000 JavaThread "TimerQueue" daemon [_thread_blocked, id=7364, stack(0x0000000010e50000,0x0000000010ed0000)]
  0x0000000061542000 JavaThread "FelixPackageAdmin" daemon [_thread_blocked, id=2480, stack(0x000000000fdb0000,0x000000000fe30000)]
  0x0000000061768800 JavaThread "FelixStartLevel" daemon [_thread_blocked, id=4816, stack(0x000000000ed90000,0x000000000ee10000)]
  0x0000000061767800 JavaThread "FelixDispatchQueue" daemon [_thread_blocked, id=7392, stack(0x000000000fc50000,0x000000000fcd0000)]
  0x000000006176d800 JavaThread "AWT-EventQueue-0" [_thread_in_Java, id=7388, stack(0x000000000eb70000,0x000000000ebf0000)]
  0x000000006155d800 JavaThread "com.google.common.base.internal.Finalizer" daemon [_thread_blocked, id=7408, stack(0x000000000f860000,0x000000000f8e0000)]
  0x000000006152e800 JavaThread "AWT-Windows" daemon [_thread_in_native, id=7940, stack(0x000000000ebf0000,0x000000000ec70000)]
  0x000000006152e000 JavaThread "AWT-Shutdown" [_thread_blocked, id=7932, stack(0x000000000e940000,0x000000000e9c0000)]
  0x000000006152d000 JavaThread "Java2D Disposer" daemon [_thread_blocked, id=6900, stack(0x000000000e020000,0x000000000e0a0000)]
  0x0000000061287000 JavaThread "Timer-0" [_thread_blocked, id=2104, stack(0x000000000e9f0000,0x000000000ea70000)]
  0x000000000f2c5800 JavaThread "EventMgr Dispatcher" daemon [_thread_in_native, id=5648, stack(0x00000000190a0000,0x000000001d0a0000)]
  0x000000000e31c800 JavaThread "Low Memory Detector" daemon [_thread_blocked, id=1668, stack(0x000000000d590000,0x000000000d610000)]
  0x000000000e317800 JavaThread "CompilerThread1" daemon [_thread_blocked, id=7424, stack(0x0000000090260000,0x0000000094260000)]
  0x000000000e30f800 JavaThread "CompilerThread0" daemon [_thread_blocked, id=7368, stack(0x000000008c1f0000,0x00000000901f0000)]
  0x000000000e30e800 JavaThread "Attach Listener" daemon [_thread_blocked, id=6140, stack(0x000000000e4a0000,0x000000000e520000)]
  0x000000000e2b0800 JavaThread "Finalizer" daemon [_thread_blocked, id=5268, stack(0x000000000e390000,0x000000000e410000)]
  0x000000000e2ab800 JavaThread "Reference Handler" daemon [_thread_blocked, id=6492, stack(0x000000000e0a0000,0x000000000e120000)]
=>0x0000000005624000 JavaThread "main" [_thread_in_native, id=3840, stack(0x00000000000d0000,0x00000000040d0000)]

Other Threads:
  0x000000000e2a6800 VMThread [stack: 0x00000000881f0000,0x000000008c1f0000] [id=6524]
  0x000000000e349000 WatcherThread [stack: 0x0000000094400000,0x0000000098400000] [id=4292]

VM state:not at safepoint (normal execution)

VM Mutex/Monitor currently owned by a thread: None

Heap
 PSYoungGen      total 11328K, used 4995K [0x0000000045980000, 0x0000000046c40000, 0x0000000048a80000)
  eden space 8320K, 23% used [0x0000000045980000,0x0000000045b726f8,0x00000000461a0000)
  from space 3008K, 99% used [0x00000000461c0000,0x00000000464ae598,0x00000000464b0000)
  to   space 5440K, 0% used [0x00000000466f0000,0x00000000466f0000,0x0000000046c40000)
 PSOldGen        total 59840K, used 51887K [0x000000003c680000, 0x00000000400f0000, 0x0000000045980000)
  object space 59840K, 86% used [0x000000003c680000,0x000000003f92bdb0,0x00000000400f0000)
 PSPermGen       total 94784K, used 63940K [0x0000000034680000, 0x000000003a310000, 0x000000003c680000)
  object space 94784K, 67% used [0x0000000034680000,0x00000000384f12f8,0x000000003a310000)

Dynamic libraries:
0x000000013f3b0000 - 0x000000013f3e2000 	C:\Program Files\MATLAB\R2012a\bin\win64\MATLAB.exe
0x0000000077a80000 - 0x0000000077c29000 	C:\Windows\SYSTEM32\ntdll.dll
0x0000000077960000 - 0x0000000077a7f000 	C:\Windows\system32\kernel32.dll
0x000007fefd950000 - 0x000007fefd9bb000 	C:\Windows\system32\KERNELBASE.dll
0x0000000074460000 - 0x0000000074554000 	C:\Program Files\MATLAB\R2012a\bin\win64\libut.dll
0x00000000758a0000 - 0x0000000075952000 	C:\Program Files\MATLAB\R2012a\bin\win64\libmwi18n.dll
0x0000000180000000 - 0x000000018000b000 	C:\Program Files\MATLAB\R2012a\bin\win64\libmwresource_core.dll
0x00000000751b0000 - 0x0000000075283000 	C:\Windows\WinSxS\amd64_microsoft.vc90.crt_1fc8b3b9a1e18e3b_9.0.30729.6161_none_08e61857a83bc251\MSVCP90.dll
0x0000000075290000 - 0x0000000075333000 	C:\Windows\WinSxS\amd64_microsoft.vc90.crt_1fc8b3b9a1e18e3b_9.0.30729.6161_none_08e61857a83bc251\MSVCR90.dll
0x000000007a170000 - 0x000000007a19c000 	C:\Program Files\MATLAB\R2012a\bin\win64\boost_filesystem-vc90-mt-1_44.dll
0x000000007a560000 - 0x000000007a569000 	C:\Program Files\MATLAB\R2012a\bin\win64\boost_system-vc90-mt-1_44.dll
0x000007feff940000 - 0x000007feffa1b000 	C:\Windows\system32\ADVAPI32.dll
0x000007feff2b0000 - 0x000007feff34f000 	C:\Windows\system32\msvcrt.dll
0x000007feff290000 - 0x000007feff2af000 	C:\Windows\SYSTEM32\sechost.dll
0x000007fefe3d0000 - 0x000007fefe4fd000 	C:\Windows\system32\RPCRT4.dll
0x000000007a010000 - 0x000000007a035000 	C:\Program Files\MATLAB\R2012a\bin\win64\LIBEXPAT.dll
0x00000000661f0000 - 0x00000000663e1000 	C:\Program Files\MATLAB\R2012a\bin\win64\icuin44.dll
0x0000000067960000 - 0x0000000067ad1000 	C:\Program Files\MATLAB\R2012a\bin\win64\icuuc44.dll
0x0000000010000000 - 0x0000000010e41000 	C:\Program Files\MATLAB\R2012a\bin\win64\icudt44.dll
0x0000000073f70000 - 0x00000000740ad000 	C:\Program Files\MATLAB\R2012a\bin\win64\libmwfl.dll
0x0000000004250000 - 0x0000000004546000 	C:\Program Files\MATLAB\R2012a\bin\win64\libmwMATLAB_res.dll
0x000000007a3b0000 - 0x000000007a3c0000 	C:\Program Files\MATLAB\R2012a\bin\win64\boost_date_time-vc90-mt-1_44.dll
0x000000007a250000 - 0x000000007a263000 	C:\Program Files\MATLAB\R2012a\bin\win64\boost_signals-vc90-mt-1_44.dll
0x000000007a2d0000 - 0x000000007a2e2000 	C:\Program Files\MATLAB\R2012a\bin\win64\boost_thread-vc90-mt-1_44.dll
0x0000000004590000 - 0x00000000045d6000 	C:\Program Files\MATLAB\R2012a\bin\win64\tbb.dll
0x000007fefe080000 - 0x000007fefe099000 	C:\Windows\system32\imagehlp.dll
0x0000000077c50000 - 0x0000000077c57000 	C:\Windows\system32\PSAPI.DLL
0x00000000710d0000 - 0x00000000710e3000 	C:\Program Files\MATLAB\R2012a\bin\win64\icuio44.dll
0x000007fef4db0000 - 0x000007fef4ed5000 	C:\Windows\system32\dbghelp.dll
0x0000000077860000 - 0x000000007795a000 	C:\Windows\system32\USER32.dll
0x000007feffd20000 - 0x000007feffd87000 	C:\Windows\system32\GDI32.dll
0x000007fefdc90000 - 0x000007fefdc9e000 	C:\Windows\system32\LPK.dll
0x000007fefe1a0000 - 0x000007fefe269000 	C:\Windows\system32\USP10.dll
0x000000007bed0000 - 0x000000007c183000 	C:\Program Files\MATLAB\R2012a\bin\win64\libmwservices.dll
0x0000000075a20000 - 0x0000000075ae2000 	C:\Program Files\MATLAB\R2012a\bin\win64\libmx.dll
0x000000007a210000 - 0x000000007a228000 	C:\Program Files\MATLAB\R2012a\bin\win64\zlib1.dll
0x0000000004630000 - 0x0000000004651000 	C:\Program Files\MATLAB\R2012a\bin\win64\libmwmfl_scalar.dll
0x0000000075f10000 - 0x0000000075f5d000 	C:\Program Files\MATLAB\R2012a\bin\win64\mpath.dll
0x000000007b680000 - 0x000000007bbe1000 	C:\Program Files\MATLAB\R2012a\bin\win64\mlutil.dll
0x000000006c750000 - 0x000000006c7cf000 	C:\Program Files\MATLAB\R2012a\bin\win64\xmlcore.dll
0x000000007bc30000 - 0x000000007be83000 	C:\Program Files\MATLAB\R2012a\bin\win64\xerces-c_2_7.dll
0x000007feffa20000 - 0x000007feffa6d000 	C:\Windows\system32\WS2_32.dll
0x000007fefe010000 - 0x000007fefe018000 	C:\Windows\system32\NSI.dll
0x00000000046b0000 - 0x00000000046ca000 	C:\Program Files\MATLAB\R2012a\bin\win64\libmwMATLAB_settings_res.dll
0x00000000046e0000 - 0x0000000004727000 	C:\Program Files\MATLAB\R2012a\bin\win64\boost_serialization-vc90-mt-1_44.dll
0x000007fefe500000 - 0x000007feff288000 	C:\Windows\system32\SHELL32.dll
0x000007fefe0a0000 - 0x000007fefe111000 	C:\Windows\system32\SHLWAPI.dll
0x000007fef9dd0000 - 0x000007fef9e70000 	C:\Windows\WinSxS\amd64_microsoft.windows.common-controls_6595b64144ccf1df_5.82.7601.18201_none_a4d3b9377117c3df\COMCTL32.dll
0x000007feff350000 - 0x000007feff3e7000 	C:\Windows\system32\COMDLG32.dll
0x000007fefb1a0000 - 0x000007fefb1b6000 	C:\Windows\system32\NETAPI32.dll
0x000007fefb190000 - 0x000007fefb19c000 	C:\Windows\system32\netutils.dll
0x000007fefd2c0000 - 0x000007fefd2e3000 	C:\Windows\system32\srvcli.dll
0x000007fefb170000 - 0x000007fefb185000 	C:\Windows\system32\wkscli.dll
0x000007feffb10000 - 0x000007feffd13000 	C:\Windows\system32\ole32.dll
0x000007feff860000 - 0x000007feff937000 	C:\Windows\system32\OLEAUT32.dll
0x0000000074970000 - 0x0000000074b06000 	C:\Program Files\MATLAB\R2012a\bin\win64\mcr.dll
0x0000000004750000 - 0x0000000004abb000 	C:\Program Files\MATLAB\R2012a\bin\win64\iqm.dll
0x0000000064fa0000 - 0x00000000657c1000 	C:\Program Files\MATLAB\R2012a\bin\win64\m_interpreter.dll
0x000000006c720000 - 0x000000006c745000 	C:\Program Files\MATLAB\R2012a\bin\win64\libmex.dll
0x0000000068c00000 - 0x0000000068cb3000 	C:\Program Files\MATLAB\R2012a\bin\win64\m_dispatcher.dll
0x0000000074880000 - 0x000000007496d000 	C:\Program Files\MATLAB\R2012a\bin\win64\boost_regex-vc90-mt-1_44.dll
0x0000000068b70000 - 0x0000000068bf4000 	C:\Program Files\MATLAB\R2012a\bin\win64\profiler.dll
0x0000000004b20000 - 0x0000000004d75000 	C:\Program Files\MATLAB\R2012a\bin\win64\libmwmathutil.dll
0x0000000079f40000 - 0x0000000079f6d000 	C:\Program Files\MATLAB\R2012a\bin\win64\libmwmathrng.dll
0x0000000074c10000 - 0x0000000074ced000 	C:\Program Files\MATLAB\R2012a\bin\win64\libmwmathcore.dll
0x0000000076160000 - 0x00000000761cb000 	C:\Program Files\MATLAB\R2012a\bin\win64\libmwspmatrix.dll
0x0000000075ea0000 - 0x0000000075f02000 	C:\Program Files\MATLAB\R2012a\bin\win64\libmwcholmod.dll
0x000000007a460000 - 0x000000007a46d000 	C:\Program Files\MATLAB\R2012a\bin\win64\libmwamd.dll
0x000000007a4b0000 - 0x000000007a4bc000 	C:\Program Files\MATLAB\R2012a\bin\win64\libmwcolamd.dll
0x000000006e130000 - 0x000000006e149000 	C:\Program Files\MATLAB\R2012a\bin\win64\libmwblas.dll
0x000000006c700000 - 0x000000006c712000 	C:\Program Files\MATLAB\R2012a\bin\win64\libmwbinder.dll
0x0000000074b90000 - 0x0000000074b9b000 	C:\Program Files\MATLAB\R2012a\bin\win64\libmwompwrapper.dll
0x00000000686d0000 - 0x0000000068756000 	C:\Program Files\MATLAB\R2012a\bin\win64\libmwlapack.dll
0x00000000686a0000 - 0x00000000686c1000 	C:\Program Files\MATLAB\R2012a\bin\win64\m_pcodeio.dll
0x0000000079b10000 - 0x0000000079b77000 	C:\Program Files\MATLAB\R2012a\bin\win64\m_ir.dll
0x0000000065ba0000 - 0x00000000661f0000 	C:\Program Files\MATLAB\R2012a\bin\win64\m_parser.dll
0x0000000068680000 - 0x000000006869a000 	C:\Program Files\MATLAB\R2012a\bin\win64\ir_xfmr.dll
0x0000000064d20000 - 0x0000000064f99000 	C:\Program Files\MATLAB\R2012a\bin\win64\mcos.dll
0x00000000745b0000 - 0x00000000745bc000 	C:\Program Files\MATLAB\R2012a\bin\win64\mtok.dll
0x0000000068640000 - 0x0000000068671000 	C:\Program Files\MATLAB\R2012a\bin\win64\m_pcodegen.dll
0x0000000079fb0000 - 0x0000000079fe7000 	C:\Program Files\MATLAB\R2012a\bin\win64\libmwbridge.dll
0x0000000065ad0000 - 0x0000000065b98000 	C:\Program Files\MATLAB\R2012a\bin\win64\udd.dll
0x0000000064bc0000 - 0x0000000064d12000 	C:\Program Files\MATLAB\R2012a\bin\win64\libmwgui.dll
0x0000000068620000 - 0x0000000068637000 	C:\Program Files\MATLAB\R2012a\bin\win64\graphics_util.dll
0x0000000064210000 - 0x0000000064bb3000 	C:\Program Files\MATLAB\R2012a\bin\win64\hg.dll
0x0000000004ef0000 - 0x0000000004f57000 	C:\Program Files\MATLAB\R2012a\bin\win64\libmat.dll
0x0000000072d30000 - 0x0000000072f44000 	C:\Program Files\MATLAB\R2012a\bin\win64\hdf5dll.dll
0x0000000075710000 - 0x00000000757c1000 	C:\Program Files\MATLAB\R2012a\bin\win64\jmi.dll
0x0000000004f90000 - 0x0000000004f9e000 	C:\Program Files\MATLAB\R2012a\bin\win64\nativejava_services.dll
0x0000000065a80000 - 0x0000000065ac2000 	C:\Program Files\MATLAB\R2012a\bin\win64\libmwhardcopy.dll
0x00000000641b0000 - 0x000000006420a000 	C:\Program Files\MATLAB\R2012a\bin\win64\libuij.dll
0x0000000063fa0000 - 0x00000000641ac000 	C:\Program Files\MATLAB\R2012a\bin\win64\hgdatatypes.dll
0x0000000063ea0000 - 0x0000000063f9d000 	C:\Program Files\MATLAB\R2012a\bin\win64\hgutils.dll
0x0000000063de0000 - 0x0000000063e9d000 	C:\Program Files\MATLAB\R2012a\bin\win64\udd_mi.dll
0x0000000005000000 - 0x000000000503b000 	C:\Program Files\MATLAB\R2012a\bin\win64\libmwgbtutils.dll
0x0000000005050000 - 0x0000000005069000 	C:\Program Files\MATLAB\R2012a\bin\win64\libmwgbt.dll
0x0000000005080000 - 0x000000000534a000 	C:\Program Files\MATLAB\R2012a\bin\win64\uiw.dll
0x0000000071100000 - 0x000000007110f000 	C:\Program Files\MATLAB\R2012a\bin\win64\uinone.dll
0x000007fef4ef0000 - 0x000007fef4f08000 	C:\Windows\system32\MPR.dll
0x00000000638f0000 - 0x0000000063dd4000 	C:\Windows\WinSxS\amd64_microsoft.vc90.mfc_1fc8b3b9a1e18e3b_9.0.30729.6161_none_044aad0bab1eb146\mfc90.dll
0x000007fefa970000 - 0x000007fefa977000 	C:\Windows\system32\MSIMG32.dll
0x000007fefa400000 - 0x000007fefa471000 	C:\Windows\system32\WINSPOOL.DRV
0x0000000065a60000 - 0x0000000065a80000 	C:\Program Files\MATLAB\R2012a\bin\win64\mwoles05.DLL
0x0000000063870000 - 0x00000000638ec000 	C:\Program Files\MATLAB\R2012a\bin\win64\comcli.dll
0x0000000063840000 - 0x000000006386f000 	C:\Windows\WinSxS\amd64_microsoft.vc90.atl_1fc8b3b9a1e18e3b_9.0.30729.6161_none_0a1fd3a3a768b895\ATL90.DLL
0x00000000710c0000 - 0x00000000710cc000 	C:\Program Files\MATLAB\R2012a\bin\win64\mlautoregister.dll
0x00000000053a0000 - 0x00000000053b0000 	C:\Program Files\MATLAB\R2012a\bin\win64\boost_iostreams-vc90-mt-1_44.dll
0x000007fefdca0000 - 0x000007fefdcce000 	C:\Windows\system32\IMM32.DLL
0x000007fefdf00000 - 0x000007fefe009000 	C:\Windows\system32\MSCTF.dll
0x000007fefd820000 - 0x000007fefd85c000 	C:\Windows\system32\nvinitx.dll
0x000000000f000000 - 0x000000000f006000 	C:\Program Files\NVIDIA Corporation\CoProcManager\_etoured.dll
0x000007fefa770000 - 0x000007fefa7b4000 	C:\Program Files\NVIDIA Corporation\CoProcManager\nvd3d9wrapx.dll
0x000007feff680000 - 0x000007feff857000 	C:\Windows\system32\SETUPAPI.dll
0x000007fefdc30000 - 0x000007fefdc66000 	C:\Windows\system32\CFGMGR32.dll
0x000007fefda00000 - 0x000007fefda1a000 	C:\Windows\system32\DEVOBJ.dll
0x000007fefa720000 - 0x000007fefa762000 	C:\Program Files\NVIDIA Corporation\CoProcManager\nvdxgiwrapx.dll
0x000007fefbfd0000 - 0x000007fefc026000 	C:\Windows\system32\UxTheme.dll
0x000007fefbb70000 - 0x000007fefbb88000 	C:\Windows\system32\dwmapi.dll
0x00000000701f0000 - 0x00000000701fd000 	C:\Windows\WinSxS\amd64_microsoft.vc90.mfcloc_1fc8b3b9a1e18e3b_9.0.30729.6161_none_01c9581e60cbee58\MFC90ENU.DLL
0x0000000005450000 - 0x0000000005479000 	C:\Program Files\MATLAB\R2012a\bin\win64\tbbmalloc.dll
0x000007fefd860000 - 0x000007fefd86f000 	C:\Windows\system32\profapi.dll
0x000007fef5b40000 - 0x000007fef5b4f000 	C:\Program Files\MATLAB\R2012a\bin\win64\xmlxrcsc.dll
0x000007fefd750000 - 0x000007fefd75f000 	C:\Windows\system32\CRYPTBASE.dll
0x000007fefc1b0000 - 0x000007fefc3a4000 	C:\Windows\WinSxS\amd64_microsoft.windows.common-controls_6595b64144ccf1df_6.0.7601.17514_none_fa396087175ac9ac\comctl32.dll
0x000007feffa70000 - 0x000007feffb09000 	C:\Windows\system32\CLBCatQ.DLL
0x000007fefc030000 - 0x000007fefc15c000 	C:\Windows\system32\propsys.dll
0x000007fefbfa0000 - 0x000007fefbfcd000 	C:\Windows\system32\ntmarta.dll
0x000007fefe020000 - 0x000007fefe072000 	C:\Windows\system32\WLDAP32.dll

VM Arguments:
jvm_args: -Xss512k -XX:PermSize=32m -Xms64m -XX:NewRatio=3 -XX:MaxPermSize=128m -Xmx196m -XX:MaxDirectMemorySize=2147400000 -Dsun.java2d.noddraw=true -Dsun.awt.nopixfmt=true -Xshare:off -Xrs -Dsun.awt.disableMixing=true -Djava.library.path=C:\Program Files\MATLAB\R2012a\bin\win64 vfprintf abort 
java_command: <unknown>
Launcher Type: generic

Environment Variables:
JAVA_HOME=C:\Program Files (x86)\Java\jdk1.7.0
CLASSPATH=.;C:\Program Files (x86)\Java\jdk1.7.0\lib;C:\Program Files (x86)\Java\jre7\lib\ext\QTJava.zip
PATH=C:\Program Files (x86)\SemanticDesigns\DMS\Executables;C:\Program Files\Common Files\Microsoft Shared\Windows Live;C:\Program Files (x86)\Common Files\Microsoft Shared\Windows Live;C:\Windows\system32;C:\Windows;C:\Windows\System32\Wbem;C:\Windows\System32\WindowsPowerShell\v1.0\;C:\Program Files\Intel\WiFi\bin\;C:\Program Files\Common Files\Intel\WirelessCommon\;C:\Program Files (x86)\Windows Live\Shared;C:\Program Files (x86)\Common Files\Roxio Shared\DLLShared\;C:\Program Files (x86)\Common Files\Roxio Shared\OEM\DLLShared\;C:\Program Files (x86)\Common Files\Roxio Shared\OEM\DLLShared\;C:\Program Files (x86)\Common Files\Roxio Shared\OEM\12.0\DLLShared\;C:\Program Files (x86)\Roxio\OEM\AudioCore\;c:\Program Files (x86)\Microsoft SQL Server\100\Tools\Binn\;c:\Program Files\Microsoft SQL Server\100\Tools\Binn\;c:\Program Files\Microsoft SQL Server\100\DTS\Binn\;C:\Program Files\TortoiseSVN\bin;C:\Program Files (x86)\QuickTime\QTSystem\;C:\Program Files\SourceGear\Common\DiffMerge\;C:\Program Files (x86)\jZip;C:\strawberry\c\bin;C:\strawberry\perl\site\bin;C:\strawberry\perl\bin;;C:\Program Files\MATLAB\R2012a\runtime\win64;C:\Program Files\MATLAB\R2012a\bin;C:\Program Files (x86)\Graphviz 2.28\bin;C:\Program Files\Microsoft\Web Platform Installer\;C:\Program Files (x86)\Microsoft ASP.NET\ASP.NET Web Pages\v1.0\;C:\Program Files\Microsoft SQL Server\110\Tools\Binn\;C:\RailsInstaller\Git\cmd;C:\RailsInstaller\Ruby1.9.3\bin;C:\Ruby193\bin;C:\Program Files (x86)\SSH Communications Security\SSH Secure Shell;C:\Program Files (x86)\Java\jdk1.7.0\bin;C:\cygwin\bin;C:\strawberry\c\bin;C:\strawberry\perl\site\bin;C:\strawberry\perl\bin;C:\Modeltech_pe_edu_10.1c\win32pe_edu
USERNAME=Chris
OS=Windows_NT
PROCESSOR_IDENTIFIER=Intel64 Family 6 Model 42 Stepping 7, GenuineIntel



---------------  S Y S T E M  ---------------

OS: Windows 7 Build 7601 Service Pack 1

CPU:total 8 (8 cores per cpu, 2 threads per core) family 6 model 42 stepping 7, cmov, cx8, fxsr, mmx, sse, sse2, sse3, ssse3, sse4.1, sse4.2, ht

Memory: 4k page, physical 8300720k(4700556k free), swap 16599576k(12162784k free)

vm_info: Java HotSpot(TM) 64-Bit Server VM (14.3-b01) for windows-amd64 JRE (1.6.0_17-b04), built on Oct 11 2009 00:46:08 by "java_re" with MS VC++ 8.0

time: Mon Nov 11 20:12:40 2013
elapsed time: 2621 seconds

